<?xml version="1.0" encoding="UTF-8"?>
<testng-results ignored="0" total="3" passed="3" failed="0" skipped="0">
  <reporter-output>
  </reporter-output>
  <suite started-at="2022-12-27T21:17:55 IST" name="Suite" finished-at="2022-12-27T21:18:37 IST" duration-ms="42691">
    <groups>
    </groups>
    <test started-at="2022-12-27T21:17:55 IST" name="Test" finished-at="2022-12-27T21:18:37 IST" duration-ms="42691">
      <class name="script.TestCase1">
        <test-method is-config="true" signature="openApp()[pri:0, instance:script.TestCase1@16ec5519]" started-at="2022-12-27T21:18:26 IST" name="openApp" finished-at="2022-12-27T21:18:30 IST" duration-ms="4183" status="PASS">
          <reporter-output>
          </reporter-output>
        </test-method> <!-- openApp -->
        <test-method signature="tc1()[pri:0, instance:script.TestCase1@16ec5519]" started-at="2022-12-27T21:18:30 IST" name="tc1" finished-at="2022-12-27T21:18:37 IST" duration-ms="6933" status="PASS">
          <reporter-output>
          </reporter-output>
        </test-method> <!-- tc1 -->
        <test-method is-config="true" signature="closeApp(org.testng.ITestResult)[pri:0, instance:script.TestCase1@16ec5519]" started-at="2022-12-27T21:18:37 IST" name="closeApp" finished-at="2022-12-27T21:18:37 IST" duration-ms="232" status="PASS">
          <params>
            <param index="0">
              <value>
                <![CDATA[[TestResult name=tc1 status=SUCCESS method=TestCase1.tc1()[pri:0, instance:script.TestCase1@16ec5519] output={null}]]]>
              </value>
            </param>
          </params>
          <reporter-output>
          </reporter-output>
        </test-method> <!-- closeApp -->
      </class> <!-- script.TestCase1 -->
      <class name="script.TestCase3">
        <test-method is-config="true" signature="openApp()[pri:0, instance:script.TestCase3@a9cd3b1]" started-at="2022-12-27T21:17:55 IST" name="openApp" finished-at="2022-12-27T21:18:02 IST" duration-ms="7193" status="PASS">
          <reporter-output>
          </reporter-output>
        </test-method> <!-- openApp -->
        <test-method signature="tc3()[pri:0, instance:script.TestCase3@a9cd3b1]" started-at="2022-12-27T21:18:02 IST" name="tc3" finished-at="2022-12-27T21:18:11 IST" duration-ms="8563" status="PASS">
          <reporter-output>
          </reporter-output>
        </test-method> <!-- tc3 -->
        <test-method is-config="true" signature="closeApp(org.testng.ITestResult)[pri:0, instance:script.TestCase3@a9cd3b1]" started-at="2022-12-27T21:18:11 IST" name="closeApp" finished-at="2022-12-27T21:18:11 IST" duration-ms="289" status="PASS">
          <params>
            <param index="0">
              <value>
                <![CDATA[[TestResult name=tc3 status=SUCCESS method=TestCase3.tc3()[pri:0, instance:script.TestCase3@a9cd3b1] output={null}]]]>
              </value>
            </param>
          </params>
          <reporter-output>
          </reporter-output>
        </test-method> <!-- closeApp -->
      </class> <!-- script.TestCase3 -->
      <class name="script.testcase2">
        <test-method is-config="true" signature="openApp()[pri:0, instance:script.testcase2@50eac852]" started-at="2022-12-27T21:18:11 IST" name="openApp" finished-at="2022-12-27T21:18:16 IST" duration-ms="5134" status="PASS">
          <reporter-output>
          </reporter-output>
        </test-method> <!-- openApp -->
        <test-method signature="tc()[pri:0, instance:script.testcase2@50eac852]" started-at="2022-12-27T21:18:16 IST" name="tc" finished-at="2022-12-27T21:18:26 IST" duration-ms="9763" status="PASS">
          <reporter-output>
          </reporter-output>
        </test-method> <!-- tc -->
        <test-method is-config="true" signature="closeApp(org.testng.ITestResult)[pri:0, instance:script.testcase2@50eac852]" started-at="2022-12-27T21:18:26 IST" name="closeApp" finished-at="2022-12-27T21:18:26 IST" duration-ms="301" status="PASS">
          <params>
            <param index="0">
              <value>
                <![CDATA[[TestResult name=tc status=SUCCESS method=testcase2.tc()[pri:0, instance:script.testcase2@50eac852] output={null}]]]>
              </value>
            </param>
          </params>
          <reporter-output>
          </reporter-output>
        </test-method> <!-- closeApp -->
      </class> <!-- script.testcase2 -->
    </test> <!-- Test -->
  </suite> <!-- Suite -->
</testng-results>
